[error] 2023-11-13 09:49:09.287 Ошибка чтения.
    Сообщение: "SC\x111\x11NoRead"
[error] 2023-11-13 09:52:52.257 Ошибка чтения.
    Сообщение: "SC\x111\x11NoRead"
[error] 2023-11-13 09:55:26.786 Ошибка чтения.
    Сообщение: "SC\x111\x11NoRead"
[error] 2023-11-13 09:55:28.079 Ошибка чтения.
    Сообщение: "SC\x111\x11NoRead"
[error] 2023-11-13 09:59:00.412 Ошибка чтения.
    Сообщение: "SC\x111\x11NoRead"
[error] 2023-11-13 09:59:50.388 Ошибка чтения.
    Сообщение: "SC\x111\x11NoRead"
[error] 2023-11-13 10:01:46.059 Код недоступен: "010463115228513521q)SCMgd\x1D93dcC7"..
    Сообщение: "SC\x111\x11010463115228513521q)SCMgd\x1D93dcC7"
[error] 2023-11-13 10:01:48.684 Код недоступен: "010463115228513521hJzMQC3\x1D93HMlP"..
    Сообщение: "SC\x111\x11010463115228513521hJzMQC3\x1D93HMlP"
[error] 2023-11-13 10:02:05.809 Код недоступен: "010463115228513521g>X9oX;\x1D93K9u2"..
    Сообщение: "SC\x111\x11010463115228513521g>X9oX;\x1D93K9u2"
[error] 2023-11-13 10:02:52.199 Ошибка чтения.
    Сообщение: "SC\x111\x11NoRead"
[error] 2023-11-13 10:06:14.978 Ошибка чтения.
    Сообщение: "SC\x111\x11NoRead"
[error] 2023-11-13 10:08:12.730 Код недоступен: "010463115228513521:OHI3r6\x1D93C8Vt"..
    Сообщение: "SC\x111\x11010463115228513521:OHI3r6\x1D93C8Vt"
[error] 2023-11-13 10:11:50.762 Код недоступен: "010463115228513521TRCErUT\x1D93R6Pl"..
    Сообщение: "SC\x111\x11010463115228513521TRCErUT\x1D93R6Pl"
[error] 2023-11-13 10:11:52.119 Код недоступен: "010463115228513521s+glQ.(\x1D93jKhK"..
    Сообщение: "SC\x111\x11010463115228513521s+glQ.(\x1D93jKhK"
[error] 2023-11-13 10:11:53.442 Код недоступен: "010463115228513521oKKrRFN\x1D93Gf2T"..
    Сообщение: "SC\x111\x11010463115228513521oKKrRFN\x1D93Gf2T"
[error] 2023-11-13 10:12:40.696 Код недоступен: "010463115228513521kfY9Viw\x1D93Z4PW"..
    Сообщение: "SC\x111\x11010463115228513521kfY9Viw\x1D93Z4PW"
[error] 2023-11-13 10:12:42.040 Код недоступен: "0104631152285135213HlDF.;\x1D93Vhfy"..
    Сообщение: "SC\x111\x110104631152285135213HlDF.;\x1D93Vhfy"
[error] 2023-11-13 10:12:43.369 Код недоступен: "010463115228513521t%8n\"-0\x1D93SZa0"..
    Сообщение: "SC\x111\x11010463115228513521t%8n\"-0\x1D93SZa0"
[error] 2023-11-13 10:12:44.699 Код недоступен: "010463115228513521?-AO<LC\x1D93ah5Q"..
    Сообщение: "SC\x111\x11010463115228513521?-AO<LC\x1D93ah5Q"
[error] 2023-11-13 10:12:46.046 Код недоступен: "010463115228513521T-hAllq\x1D93SnNY"..
    Сообщение: "SC\x111\x11010463115228513521T-hAllq\x1D93SnNY"
[error] 2023-11-13 10:12:47.391 Код недоступен: "010463115228513521&VFPlj%\x1D93xMwf"..
    Сообщение: "SC\x111\x11010463115228513521&VFPlj%\x1D93xMwf"
[error] 2023-11-13 10:12:48.710 Код недоступен: "010463115228513521fMIsmlP\x1D930GKz"..
    Сообщение: "SC\x111\x11010463115228513521fMIsmlP\x1D930GKz"
[error] 2023-11-13 10:13:02.140 Код недоступен: "010463115228513521jlTn7Zx\x1D93Jaqq"..
    Сообщение: "SC\x111\x11010463115228513521jlTn7Zx\x1D93Jaqq"
[error] 2023-11-13 10:13:03.497 Код недоступен: "010463115228513521v,2et;f\x1D93lf87"..
    Сообщение: "SC\x111\x11010463115228513521v,2et;f\x1D93lf87"
[error] 2023-11-13 10:13:04.813 Код недоступен: "010463115228513521!55ZWDQ\x1D93bLmJ"..
    Сообщение: "SC\x111\x11010463115228513521!55ZWDQ\x1D93bLmJ"
[error] 2023-11-13 10:13:06.144 Код недоступен: "010463115228513521:OHI3r6\x1D93C8Vt"..
    Сообщение: "SC\x111\x11010463115228513521:OHI3r6\x1D93C8Vt"
[error] 2023-11-13 10:13:07.453 Код недоступен: "010463115228513521l34d9<n\x1D93tKFi"..
    Сообщение: "SC\x111\x11010463115228513521l34d9<n\x1D93tKFi"
[error] 2023-11-13 10:13:08.829 Код недоступен: "010463115228513521dQnUeL-\x1D933153"..
    Сообщение: "SC\x111\x11010463115228513521dQnUeL-\x1D933153"
[error] 2023-11-13 10:13:10.155 Код недоступен: "0104631152285135214dgIJE)\x1D93iYLd"..
    Сообщение: "SC\x111\x110104631152285135214dgIJE)\x1D93iYLd"
[error] 2023-11-13 10:13:11.487 Код недоступен: "010463115228513521J+tm,iH\x1D936o04"..
    Сообщение: "SC\x111\x11010463115228513521J+tm,iH\x1D936o04"
[error] 2023-11-13 10:13:12.814 Код недоступен: "010463115228513521z3,Dy5L\x1D93ZSOM"..
    Сообщение: "SC\x111\x11010463115228513521z3,Dy5L\x1D93ZSOM"
[error] 2023-11-13 10:13:34.463 Код недоступен: "0104631152285135214:Bkuvl\x1D93RXyv"..
    Сообщение: "SC\x111\x110104631152285135214:Bkuvl\x1D93RXyv"
[error] 2023-11-13 10:13:35.792 Код недоступен: "010463115228513521eHBYi-:\x1D93+7/L"..
    Сообщение: "SC\x111\x11010463115228513521eHBYi-:\x1D93+7/L"
[error] 2023-11-13 10:13:37.108 Код недоступен: "010463115228513521IIZUDK-\x1D93fHH9"..
    Сообщение: "SC\x111\x11010463115228513521IIZUDK-\x1D93fHH9"
[error] 2023-11-13 10:13:38.442 Код недоступен: "010463115228513521A&\"Kd.3\x1D93eUF5"..
    Сообщение: "SC\x111\x11010463115228513521A&\"Kd.3\x1D93eUF5"
[error] 2023-11-13 10:13:39.756 Код недоступен: "010463115228513521fSK6q_+\x1D93RonT"..
    Сообщение: "SC\x111\x11010463115228513521fSK6q_+\x1D93RonT"
[error] 2023-11-13 10:13:41.103 Код недоступен: "010463115228513521btFbnNV\x1D93LOmj"..
    Сообщение: "SC\x111\x11010463115228513521btFbnNV\x1D93LOmj"
[error] 2023-11-13 10:13:42.438 Код недоступен: "010463115228513521H-'jI)L\x1D930WDt"..
    Сообщение: "SC\x111\x11010463115228513521H-'jI)L\x1D930WDt"
[error] 2023-11-13 10:13:43.789 Код недоступен: "010463115228513521X*thNRU\x1D93lHnZ"..
    Сообщение: "SC\x111\x11010463115228513521X*thNRU\x1D93lHnZ"
[error] 2023-11-13 10:13:45.124 Код недоступен: "010463115228513521Ds%q,8!\x1D93Q6Dc"..
    Сообщение: "SC\x111\x11010463115228513521Ds%q,8!\x1D93Q6Dc"
[error] 2023-11-13 10:13:46.470 Код недоступен: "010463115228513521c8NzbjX\x1D939ti7"..
    Сообщение: "SC\x111\x11010463115228513521c8NzbjX\x1D939ti7"
[error] 2023-11-13 10:13:57.388 Код недоступен: "010463115228513521tqn<NOL\x1D93KsVs"..
    Сообщение: "SC\x111\x11010463115228513521tqn<NOL\x1D93KsVs"
[error] 2023-11-13 10:14:41.523 Код недоступен: "010463115228513521dq:vgB8\x1D93btxG"..
    Сообщение: "SC\x111\x11010463115228513521dq:vgB8\x1D93btxG"
[error] 2023-11-13 10:14:42.853 Код недоступен: "010463115228513521yRmZbEQ\x1D9319G9"..
    Сообщение: "SC\x111\x11010463115228513521yRmZbEQ\x1D9319G9"
[error] 2023-11-13 10:14:44.166 Код недоступен: "010463115228513521wRkpoYP\x1D939m4I"..
    Сообщение: "SC\x111\x11010463115228513521wRkpoYP\x1D939m4I"
[error] 2023-11-13 10:14:45.515 Код недоступен: "010463115228513521!>tl!T;\x1D93lYeu"..
    Сообщение: "SC\x111\x11010463115228513521!>tl!T;\x1D93lYeu"
[error] 2023-11-13 10:14:46.834 Код недоступен: "010463115228513521TAlv8i4\x1D93VqkV"..
    Сообщение: "SC\x111\x11010463115228513521TAlv8i4\x1D93VqkV"
[error] 2023-11-13 10:14:48.149 Код недоступен: "010463115228513521GnBdsPf\x1D93XObv"..
    Сообщение: "SC\x111\x11010463115228513521GnBdsPf\x1D93XObv"
[error] 2023-11-13 10:14:49.486 Код недоступен: "010463115228513521PXhypjG\x1D93tVou"..
    Сообщение: "SC\x111\x11010463115228513521PXhypjG\x1D93tVou"
[error] 2023-11-13 10:14:50.821 Код недоступен: "010463115228513521=JNE28C\x1D9313Af"..
    Сообщение: "SC\x111\x11010463115228513521=JNE28C\x1D9313Af"
[error] 2023-11-13 10:14:52.150 Код недоступен: "010463115228513521_TIVTQ(\x1D938dUj"..
    Сообщение: "SC\x111\x11010463115228513521_TIVTQ(\x1D938dUj"
[error] 2023-11-13 10:14:53.515 Код недоступен: "0104631152285135210PZ'R2V\x1D93wRE9"..
    Сообщение: "SC\x111\x110104631152285135210PZ'R2V\x1D93wRE9"
[error] 2023-11-13 10:14:54.845 Код недоступен: "0104631152285135214E.v6q=\x1D93A8VP"..
    Сообщение: "SC\x111\x110104631152285135214E.v6q=\x1D93A8VP"
[error] 2023-11-13 10:15:01.436 Код недоступен: "010463115228513521WMMb1PS\x1D933fG4"..
    Сообщение: "SC\x111\x11010463115228513521WMMb1PS\x1D933fG4"
[error] 2023-11-13 10:15:02.810 Код недоступен: "010463115228513521oLja1jI\x1D93Cfqf"..
    Сообщение: "SC\x111\x11010463115228513521oLja1jI\x1D93Cfqf"
[error] 2023-11-13 10:15:04.112 Код недоступен: "010463115228513521KwFL5os\x1D93E0k2"..
    Сообщение: "SC\x111\x11010463115228513521KwFL5os\x1D93E0k2"
[error] 2023-11-13 10:15:05.478 Код недоступен: "010463115228513521QC+OY%A\x1D93rWLX"..
    Сообщение: "SC\x111\x11010463115228513521QC+OY%A\x1D93rWLX"
[error] 2023-11-13 10:15:06.801 Код недоступен: "010463115228513521?mifFD-\x1D93fGxY"..
    Сообщение: "SC\x111\x11010463115228513521?mifFD-\x1D93fGxY"
[error] 2023-11-13 10:15:08.150 Код недоступен: "010463115228513521JcrZa?8\x1D93F1eo"..
    Сообщение: "SC\x111\x11010463115228513521JcrZa?8\x1D93F1eo"
[error] 2023-11-13 10:15:44.288 Код недоступен: "010463115228513521Hd;Dj02\x1D93c0RC"..
    Сообщение: "SC\x111\x11010463115228513521Hd;Dj02\x1D93c0RC"
[error] 2023-11-13 10:15:45.630 Код недоступен: "010463115228513521kZAH&MF\x1D93uSem"..
    Сообщение: "SC\x111\x11010463115228513521kZAH&MF\x1D93uSem"
[error] 2023-11-13 10:15:46.960 Код недоступен: "010463115228513521up2Om6?\x1D93DE8j"..
    Сообщение: "SC\x111\x11010463115228513521up2Om6?\x1D93DE8j"
[error] 2023-11-13 10:15:48.270 Код недоступен: "010463115228513521kxDotAn\x1D93IFeT"..
    Сообщение: "SC\x111\x11010463115228513521kxDotAn\x1D93IFeT"
[error] 2023-11-13 10:15:49.591 Код недоступен: "010463115228513521iJIgx10\x1D93iUNx"..
    Сообщение: "SC\x111\x11010463115228513521iJIgx10\x1D93iUNx"
[error] 2023-11-13 10:15:50.930 Код недоступен: "010463115228513521tB!fj/w\x1D93MQOK"..
    Сообщение: "SC\x111\x11010463115228513521tB!fj/w\x1D93MQOK"
[error] 2023-11-13 10:15:52.241 Код недоступен: "010463115228513521npVP7WX\x1D93/bN5"..
    Сообщение: "SC\x111\x11010463115228513521npVP7WX\x1D93/bN5"
[error] 2023-11-13 10:15:53.608 Код недоступен: "010463115228513521uJbtWBX\x1D93FzO2"..
    Сообщение: "SC\x111\x11010463115228513521uJbtWBX\x1D93FzO2"
[error] 2023-11-13 10:15:54.931 Код недоступен: "010463115228513521\"1)uXCQ\x1D93D6bC"..
    Сообщение: "SC\x111\x11010463115228513521\"1)uXCQ\x1D93D6bC"
[error] 2023-11-13 10:15:56.260 Код недоступен: "010463115228513521FgW2ANd\x1D93sRlu"..
    Сообщение: "SC\x111\x11010463115228513521FgW2ANd\x1D93sRlu"
[error] 2023-11-13 10:15:57.618 Код недоступен: "010463115228513521j+xunl3\x1D93+RUG"..
    Сообщение: "SC\x111\x11010463115228513521j+xunl3\x1D93+RUG"
[error] 2023-11-13 10:15:58.952 Код недоступен: "010463115228513521IklhS>R\x1D93PAx9"..
    Сообщение: "SC\x111\x11010463115228513521IklhS>R\x1D93PAx9"
[error] 2023-11-13 10:16:04.188 Код недоступен: "010463115228513521+O9H-pt\x1D93lgOT"..
    Сообщение: "SC\x111\x11010463115228513521+O9H-pt\x1D93lgOT"
[error] 2023-11-13 10:16:05.489 Код недоступен: "010463115228513521kgCpHmH\x1D93qyV/"..
    Сообщение: "SC\x111\x11010463115228513521kgCpHmH\x1D93qyV/"
[error] 2023-11-13 10:16:06.825 Код недоступен: "010463115228513521kOkIh*I\x1D93r4B0"..
    Сообщение: "SC\x111\x11010463115228513521kOkIh*I\x1D93r4B0"
[error] 2023-11-13 10:16:08.158 Код недоступен: "010463115228513521eCQgHo4\x1D93EL6J"..
    Сообщение: "SC\x111\x11010463115228513521eCQgHo4\x1D93EL6J"
[error] 2023-11-13 10:16:09.507 Код недоступен: "010463115228513521IgrWoT+\x1D936Yxs"..
    Сообщение: "SC\x111\x11010463115228513521IgrWoT+\x1D936Yxs"
[error] 2023-11-13 10:16:10.833 Код недоступен: "0104631152285135219BfP(\"C\x1D93HA/G"..
    Сообщение: "SC\x111\x110104631152285135219BfP(\"C\x1D93HA/G"
[error] 2023-11-13 10:16:49.038 Код недоступен: "010463115228513521X=nenIH\x1D93Sa7E"..
    Сообщение: "SC\x111\x11010463115228513521X=nenIH\x1D93Sa7E"
[error] 2023-11-13 10:16:50.367 Код недоступен: "010463115228513521IO'?Wh/\x1D93eaBn"..
    Сообщение: "SC\x111\x11010463115228513521IO'?Wh/\x1D93eaBn"
[error] 2023-11-13 10:16:51.693 Код недоступен: "010463115228513521l,E&FNa\x1D93xEdZ"..
    Сообщение: "SC\x111\x11010463115228513521l,E&FNa\x1D93xEdZ"
[error] 2023-11-13 10:16:53.044 Код недоступен: "010463115228513521QckqDYo\x1D93ogfN"..
    Сообщение: "SC\x111\x11010463115228513521QckqDYo\x1D93ogfN"
[error] 2023-11-13 10:16:54.374 Код недоступен: "010463115228513521K?m66Kj\x1D93oURC"..
    Сообщение: "SC\x111\x11010463115228513521K?m66Kj\x1D93oURC"
[error] 2023-11-13 10:16:55.678 Код недоступен: "010463115228513521OrPWC?+\x1D938pfz"..
    Сообщение: "SC\x111\x11010463115228513521OrPWC?+\x1D938pfz"
[error] 2023-11-13 10:16:56.999 Код недоступен: "010463115228513521h9qyXcK\x1D93vMBk"..
    Сообщение: "SC\x111\x11010463115228513521h9qyXcK\x1D93vMBk"
[error] 2023-11-13 10:16:58.335 Код недоступен: "0104631152285135216?UdOFI\x1D93XSC0"..
    Сообщение: "SC\x111\x110104631152285135216?UdOFI\x1D93XSC0"
[error] 2023-11-13 10:16:59.672 Код недоступен: "0104631152285135211'vRaX)\x1D93i2S8"..
    Сообщение: "SC\x111\x110104631152285135211'vRaX)\x1D93i2S8"
[error] 2023-11-13 10:17:01.002 Код недоступен: "010463115228513521YjautrC\x1D93ukx0"..
    Сообщение: "SC\x111\x11010463115228513521YjautrC\x1D93ukx0"
[error] 2023-11-13 10:17:02.340 Код недоступен: "010463115228513521NX*F1cv\x1D93TDbg"..
    Сообщение: "SC\x111\x11010463115228513521NX*F1cv\x1D93TDbg"
[error] 2023-11-13 10:17:03.672 Код недоступен: "010463115228513521f*JXLzm\x1D93n7pn"..
    Сообщение: "SC\x111\x11010463115228513521f*JXLzm\x1D93n7pn"
[error] 2023-11-13 10:17:16.471 Код недоступен: "010463115228513521BhKAgAY\x1D93ju2J"..
    Сообщение: "SC\x111\x11010463115228513521BhKAgAY\x1D93ju2J"
[error] 2023-11-13 10:17:17.800 Код недоступен: "010463115228513521Nn*Wh&r\x1D93mvDP"..
    Сообщение: "SC\x111\x11010463115228513521Nn*Wh&r\x1D93mvDP"
[error] 2023-11-13 10:17:19.091 Код недоступен: "010463115228513521dqr9pqJ\x1D93/iYG"..
    Сообщение: "SC\x111\x11010463115228513521dqr9pqJ\x1D93/iYG"
[error] 2023-11-13 10:17:20.437 Код недоступен: "010463115228513521rD<aW+x\x1D93TWTj"..
    Сообщение: "SC\x111\x11010463115228513521rD<aW+x\x1D93TWTj"
[error] 2023-11-13 10:17:21.757 Код недоступен: "010463115228513521BK-dkla\x1D939il0"..
    Сообщение: "SC\x111\x11010463115228513521BK-dkla\x1D939il0"
[error] 2023-11-13 10:17:23.093 Код недоступен: "0104631152285135212hc8WS!\x1D93GiYC"..
    Сообщение: "SC\x111\x110104631152285135212hc8WS!\x1D93GiYC"
[error] 2023-11-13 10:17:24.431 Код недоступен: "010463115228513521g>X9oX;\x1D93K9u2"..
    Сообщение: "SC\x111\x11010463115228513521g>X9oX;\x1D93K9u2"
[error] 2023-11-13 10:17:25.733 Код недоступен: "010463115228513521JY9gO_,\x1D9399nV"..
    Сообщение: "SC\x111\x11010463115228513521JY9gO_,\x1D9399nV"
[error] 2023-11-13 10:17:27.066 Код недоступен: "010463115228513521Qo)h=R\"\x1D93wjFr"..
    Сообщение: "SC\x111\x11010463115228513521Qo)h=R\"\x1D93wjFr"
[error] 2023-11-13 10:17:28.400 Код недоступен: "010463115228513521fs-qsQM\x1D93obmD"..
    Сообщение: "SC\x111\x11010463115228513521fs-qsQM\x1D93obmD"
[error] 2023-11-13 10:17:29.763 Код недоступен: "0104631152285135213<:z8%U\x1D93ZWjH"..
    Сообщение: "SC\x111\x110104631152285135213<:z8%U\x1D93ZWjH"
[error] 2023-11-13 10:17:31.105 Код недоступен: "010463115228513521M.FtI92\x1D93II5M"..
    Сообщение: "SC\x111\x11010463115228513521M.FtI92\x1D93II5M"
[error] 2023-11-13 10:17:47.759 Код недоступен: "010463115228513521cV-3?j7\x1D93RLS5"..
    Сообщение: "SC\x111\x11010463115228513521cV-3?j7\x1D93RLS5"
[error] 2023-11-13 10:17:49.105 Код недоступен: "010463115228513521jdCZKMy\x1D932ElE"..
    Сообщение: "SC\x111\x11010463115228513521jdCZKMy\x1D932ElE"
[error] 2023-11-13 10:17:50.440 Код недоступен: "010463115228513521=C!nT!x\x1D93FV7o"..
    Сообщение: "SC\x111\x11010463115228513521=C!nT!x\x1D93FV7o"
[error] 2023-11-13 10:17:51.740 Код недоступен: "010463115228513521E/;o(Ym\x1D93Jjd5"..
    Сообщение: "SC\x111\x11010463115228513521E/;o(Ym\x1D93Jjd5"
[error] 2023-11-13 10:17:53.095 Код недоступен: "0104631152285135217qbG7/J\x1D93++uz"..
    Сообщение: "SC\x111\x110104631152285135217qbG7/J\x1D93++uz"
[error] 2023-11-13 10:17:54.413 Код недоступен: "010463115228513521q0O!FRt\x1D93MOG+"..
    Сообщение: "SC\x111\x11010463115228513521q0O!FRt\x1D93MOG+"
[error] 2023-11-13 10:17:55.750 Код недоступен: "010463115228513521HjmGr;u\x1D93inoB"..
    Сообщение: "SC\x111\x11010463115228513521HjmGr;u\x1D93inoB"
[error] 2023-11-13 10:17:57.059 Код недоступен: "0104631152285135210\"cXYr(\x1D93kJ8/"..
    Сообщение: "SC\x111\x110104631152285135210\"cXYr(\x1D93kJ8/"
[error] 2023-11-13 10:17:58.375 Код недоступен: "010463115228513521UgEC!dE\x1D93PmMD"..
    Сообщение: "SC\x111\x11010463115228513521UgEC!dE\x1D93PmMD"
[error] 2023-11-13 10:17:59.729 Код недоступен: "0104631152285135219B8gVFd\x1D93kS+4"..
    Сообщение: "SC\x111\x110104631152285135219B8gVFd\x1D93kS+4"
[error] 2023-11-13 10:18:01.068 Код недоступен: "010463115228513521nq\"wmMK\x1D93BL3E"..
    Сообщение: "SC\x111\x11010463115228513521nq\"wmMK\x1D93BL3E"
[error] 2023-11-13 10:18:02.438 Код недоступен: "010463115228513521d<gb*'c\x1D93sG3W"..
    Сообщение: "SC\x111\x11010463115228513521d<gb*'c\x1D93sG3W"
[error] 2023-11-13 10:18:53.286 Код недоступен: "010463115228513521Ba%jjMl\x1D93hfN/"..
    Сообщение: "SC\x111\x11010463115228513521Ba%jjMl\x1D93hfN/"
[error] 2023-11-13 10:18:54.604 Код недоступен: "0104631152285135216dhmqS5\x1D93OatV"..
    Сообщение: "SC\x111\x110104631152285135216dhmqS5\x1D93OatV"
[error] 2023-11-13 10:18:55.934 Код недоступен: "010463115228513521PHO0<Rh\x1D93iw63"..
    Сообщение: "SC\x111\x11010463115228513521PHO0<Rh\x1D93iw63"
[error] 2023-11-13 10:18:57.302 Код недоступен: "010463115228513521Ygs,,WM\x1D93iTcr"..
    Сообщение: "SC\x111\x11010463115228513521Ygs,,WM\x1D93iTcr"
[error] 2023-11-13 10:18:58.582 Код недоступен: "010463115228513521b2UjBjX\x1D935G2L"..
    Сообщение: "SC\x111\x11010463115228513521b2UjBjX\x1D935G2L"
[error] 2023-11-13 10:18:59.895 Код недоступен: "010463115228513521PfWVyRr\x1D93ZEaz"..
    Сообщение: "SC\x111\x11010463115228513521PfWVyRr\x1D93ZEaz"
[error] 2023-11-13 10:19:01.212 Код недоступен: "010463115228513521NPJ,pj9\x1D93Ktm9"..
    Сообщение: "SC\x111\x11010463115228513521NPJ,pj9\x1D93Ktm9"
[error] 2023-11-13 10:19:02.541 Код недоступен: "010463115228513521TS'UYKc\x1D93Myrl"..
    Сообщение: "SC\x111\x11010463115228513521TS'UYKc\x1D93Myrl"
[error] 2023-11-13 10:19:03.865 Код недоступен: "010463115228513521gIoeMzb\x1D93z5ok"..
    Сообщение: "SC\x111\x11010463115228513521gIoeMzb\x1D93z5ok"
[error] 2023-11-13 10:19:05.213 Код недоступен: "010463115228513521,OYqhTa\x1D93HV87"..
    Сообщение: "SC\x111\x11010463115228513521,OYqhTa\x1D93HV87"
[error] 2023-11-13 10:19:06.555 Код недоступен: "010463115228513521oZDsRbL\x1D93ydh6"..
    Сообщение: "SC\x111\x11010463115228513521oZDsRbL\x1D93ydh6"
[error] 2023-11-13 10:19:07.864 Код недоступен: "010463115228513521)MPDq9j\x1D93RyQ6"..
    Сообщение: "SC\x111\x11010463115228513521)MPDq9j\x1D93RyQ6"
[error] 2023-11-13 10:19:09.179 Код недоступен: "010463115228513521X0:O+Lt\x1D93y/aV"..
    Сообщение: "SC\x111\x11010463115228513521X0:O+Lt\x1D93y/aV"
[error] 2023-11-13 10:19:10.484 Код недоступен: "010463115228513521R6n8rTp\x1D930R+8"..
    Сообщение: "SC\x111\x11010463115228513521R6n8rTp\x1D930R+8"
[error] 2023-11-13 10:19:11.820 Код недоступен: "010463115228513521bR/9v.i\x1D93uWea"..
    Сообщение: "SC\x111\x11010463115228513521bR/9v.i\x1D93uWea"
[error] 2023-11-13 10:19:13.176 Код недоступен: "010463115228513521Aip&m*L\x1D931aIX"..
    Сообщение: "SC\x111\x11010463115228513521Aip&m*L\x1D931aIX"
[error] 2023-11-13 10:19:14.516 Код недоступен: "010463115228513521c;MCMCh\x1D93cMII"..
    Сообщение: "SC\x111\x11010463115228513521c;MCMCh\x1D93cMII"
[error] 2023-11-13 10:19:15.850 Код недоступен: "010463115228513521xXDa0zN\x1D9346sU"..
    Сообщение: "SC\x111\x11010463115228513521xXDa0zN\x1D9346sU"
[error] 2023-11-13 10:19:17.183 Код недоступен: "0104631152285135210qMjVnn\x1D939zRO"..
    Сообщение: "SC\x111\x110104631152285135210qMjVnn\x1D939zRO"
[error] 2023-11-13 10:19:18.524 Код недоступен: "010463115228513521YV3aSia\x1D93Z5QF"..
    Сообщение: "SC\x111\x11010463115228513521YV3aSia\x1D93Z5QF"
[error] 2023-11-13 10:19:19.836 Код недоступен: "010463115228513521cWrqg&R\x1D93+Uxb"..
    Сообщение: "SC\x111\x11010463115228513521cWrqg&R\x1D93+Uxb"
[error] 2023-11-13 10:19:21.188 Код недоступен: "010463115228513521N>dsNcg\x1D93O7Wn"..
    Сообщение: "SC\x111\x11010463115228513521N>dsNcg\x1D93O7Wn"
[error] 2023-11-13 10:19:22.508 Код недоступен: "010463115228513521!9xJL4U\x1D93m/jD"..
    Сообщение: "SC\x111\x11010463115228513521!9xJL4U\x1D93m/jD"
[error] 2023-11-13 10:19:23.860 Код недоступен: "010463115228513521AIW-O5r\x1D935kIA"..
    Сообщение: "SC\x111\x11010463115228513521AIW-O5r\x1D935kIA"
[error] 2023-11-13 10:20:13.650 Код недоступен: "010463115228513521?mFlZ2,\x1D93q8kK"..
    Сообщение: "SC\x111\x11010463115228513521?mFlZ2,\x1D93q8kK"
[error] 2023-11-13 10:20:14.999 Код недоступен: "010463115228513521nLaKtco\x1D93XshK"..
    Сообщение: "SC\x111\x11010463115228513521nLaKtco\x1D93XshK"
[error] 2023-11-13 10:20:16.284 Код недоступен: "010463115228513521Kh,7lN&\x1D93VUMR"..
    Сообщение: "SC\x111\x11010463115228513521Kh,7lN&\x1D93VUMR"
[error] 2023-11-13 10:20:17.598 Код недоступен: "0104631152285135213Ua*42=\x1D93YSy2"..
    Сообщение: "SC\x111\x110104631152285135213Ua*42=\x1D93YSy2"
[error] 2023-11-13 10:20:18.920 Код недоступен: "010463115228513521DK!7?DQ\x1D93DlUw"..
    Сообщение: "SC\x111\x11010463115228513521DK!7?DQ\x1D93DlUw"
[error] 2023-11-13 10:20:20.250 Код недоступен: "010463115228513521SgLGoM<\x1D930ytm"..
    Сообщение: "SC\x111\x11010463115228513521SgLGoM<\x1D930ytm"
[error] 2023-11-13 10:20:21.601 Код недоступен: "010463115228513521_lse\"gF\x1D93kJHP"..
    Сообщение: "SC\x111\x11010463115228513521_lse\"gF\x1D93kJHP"
[error] 2023-11-13 10:20:22.905 Код недоступен: "010463115228513521R2NU%pk\x1D93L51U"..
    Сообщение: "SC\x111\x11010463115228513521R2NU%pk\x1D93L51U"
[error] 2023-11-13 10:20:24.232 Код недоступен: "010463115228513521q)SCMgd\x1D93dcC7"..
    Сообщение: "SC\x111\x11010463115228513521q)SCMgd\x1D93dcC7"
[error] 2023-11-13 10:20:25.560 Код недоступен: "010463115228513521g-EdPgl\x1D93QKls"..
    Сообщение: "SC\x111\x11010463115228513521g-EdPgl\x1D93QKls"
[error] 2023-11-13 10:20:26.868 Код недоступен: "010463115228513521dgPBWxd\x1D93fQW9"..
    Сообщение: "SC\x111\x11010463115228513521dgPBWxd\x1D93fQW9"
[error] 2023-11-13 10:20:28.204 Код недоступен: "010463115228513521hJzMQC3\x1D93HMlP"..
    Сообщение: "SC\x111\x11010463115228513521hJzMQC3\x1D93HMlP"
[error] 2023-11-13 10:20:29.491 Код недоступен: "010463115228513521C!lBqd?\x1D93dCdZ"..
    Сообщение: "SC\x111\x11010463115228513521C!lBqd?\x1D93dCdZ"
[error] 2023-11-13 10:20:30.841 Код недоступен: "010463115228513521!_R+bts\x1D93RasP"..
    Сообщение: "SC\x111\x11010463115228513521!_R+bts\x1D93RasP"
[error] 2023-11-13 10:20:32.175 Код недоступен: "010463115228513521UNrbcic\x1D93dIej"..
    Сообщение: "SC\x111\x11010463115228513521UNrbcic\x1D93dIej"
[error] 2023-11-13 10:20:33.516 Код недоступен: "010463115228513521x:FoXE%\x1D93Slei"..
    Сообщение: "SC\x111\x11010463115228513521x:FoXE%\x1D93Slei"
[error] 2023-11-13 10:20:34.840 Код недоступен: "010463115228513521u-Sy\"Jo\x1D93BHIp"..
    Сообщение: "SC\x111\x11010463115228513521u-Sy\"Jo\x1D93BHIp"
[error] 2023-11-13 10:20:36.171 Код недоступен: "010463115228513521qQFJTUu\x1D93EVzy"..
    Сообщение: "SC\x111\x11010463115228513521qQFJTUu\x1D93EVzy"
[error] 2023-11-13 10:20:49.689 Код недоступен: "010463115228513521Rl3QA-E\x1D93LyKY"..
    Сообщение: "SC\x111\x11010463115228513521Rl3QA-E\x1D93LyKY"
[error] 2023-11-13 10:20:51.035 Код недоступен: "010463115228513521**wg\"Sx\x1D934Wf2"..
    Сообщение: "SC\x111\x11010463115228513521**wg\"Sx\x1D934Wf2"
[error] 2023-11-13 10:20:52.341 Код недоступен: "010463115228513521kaDsKRR\x1D93W9l4"..
    Сообщение: "SC\x111\x11010463115228513521kaDsKRR\x1D93W9l4"
[error] 2023-11-13 10:20:53.681 Код недоступен: "010463115228513521Ig/n-Sn\x1D932pRu"..
    Сообщение: "SC\x111\x11010463115228513521Ig/n-Sn\x1D932pRu"
[error] 2023-11-13 10:20:55.023 Код недоступен: "010463115228513521iZG?IVX\x1D93rcQw"..
    Сообщение: "SC\x111\x11010463115228513521iZG?IVX\x1D93rcQw"
[error] 2023-11-13 10:21:42.908 Код недоступен: "010463115228513521IJ8NXcm\x1D93Y5yC"..
    Сообщение: "SC\x111\x11010463115228513521IJ8NXcm\x1D93Y5yC"
[error] 2023-11-13 10:21:44.252 Код недоступен: "010463115228513521L2XJZr=\x1D93656q"..
    Сообщение: "SC\x111\x11010463115228513521L2XJZr=\x1D93656q"
[error] 2023-11-13 10:21:45.560 Код недоступен: "010463115228513521uXWapqr\x1D93cevJ"..
    Сообщение: "SC\x111\x11010463115228513521uXWapqr\x1D93cevJ"
[error] 2023-11-13 10:21:46.891 Код недоступен: "010463115228513521rcY?X=&\x1D93owVq"..
    Сообщение: "SC\x111\x11010463115228513521rcY?X=&\x1D93owVq"
[error] 2023-11-13 10:21:48.207 Код недоступен: "010463115228513521Q6HaSAY\x1D93cqZ4"..
    Сообщение: "SC\x111\x11010463115228513521Q6HaSAY\x1D93cqZ4"
[error] 2023-11-13 10:21:49.524 Код недоступен: "010463115228513521,cHCf:y\x1D93wtb/"..
    Сообщение: "SC\x111\x11010463115228513521,cHCf:y\x1D93wtb/"
[error] 2023-11-13 10:21:50.857 Код недоступен: "010463115228513521Z6H)LWj\x1D930kSE"..
    Сообщение: "SC\x111\x11010463115228513521Z6H)LWj\x1D930kSE"
[error] 2023-11-13 10:21:52.171 Код недоступен: "010463115228513521A%yJeXl\x1D93GG5C"..
    Сообщение: "SC\x111\x11010463115228513521A%yJeXl\x1D93GG5C"
[error] 2023-11-13 10:21:53.491 Код недоступен: "010463115228513521TkNcIgU\x1D934q2E"..
    Сообщение: "SC\x111\x11010463115228513521TkNcIgU\x1D934q2E"
[error] 2023-11-13 10:21:54.813 Код недоступен: "010463115228513521:CyL<bw\x1D93bJEG"..
    Сообщение: "SC\x111\x11010463115228513521:CyL<bw\x1D93bJEG"
[error] 2023-11-13 10:21:56.135 Код недоступен: "010463115228513521SRIJ\")Y\x1D93Zhc6"..
    Сообщение: "SC\x111\x11010463115228513521SRIJ\")Y\x1D93Zhc6"
[error] 2023-11-13 10:21:57.493 Код недоступен: "010463115228513521nV4kjjc\x1D9324fi"..
    Сообщение: "SC\x111\x11010463115228513521nV4kjjc\x1D9324fi"
[error] 2023-11-13 10:21:58.805 Код недоступен: "010463115228513521YrE?O?J\x1D93aMhO"..
    Сообщение: "SC\x111\x11010463115228513521YrE?O?J\x1D93aMhO"
[error] 2023-11-13 10:22:00.103 Код недоступен: "010463115228513521)U:X\"sI\x1D93/BH3"..
    Сообщение: "SC\x111\x11010463115228513521)U:X\"sI\x1D93/BH3"
[error] 2023-11-13 10:22:01.430 Код недоступен: "010463115228513521?P;K,tC\x1D93tb0F"..
    Сообщение: "SC\x111\x11010463115228513521?P;K,tC\x1D93tb0F"
[error] 2023-11-13 10:22:02.752 Код недоступен: "010463115228513521hJzMQC3\x1D93HMlP"..
    Сообщение: "SC\x111\x11010463115228513521hJzMQC3\x1D93HMlP"
[error] 2023-11-13 10:22:04.086 Код недоступен: "010463115228513521C>Aj%Bq\x1D93Ax5X"..
    Сообщение: "SC\x111\x11010463115228513521C>Aj%Bq\x1D93Ax5X"
[error] 2023-11-13 10:22:05.379 Код недоступен: "010463115228513521:HlQbdT\x1D939NU7"..
    Сообщение: "SC\x111\x11010463115228513521:HlQbdT\x1D939NU7"
[error] 2023-11-13 10:22:06.719 Код недоступен: "010463115228513521J9NzkNX\x1D93+lQD"..
    Сообщение: "SC\x111\x11010463115228513521J9NzkNX\x1D93+lQD"
[error] 2023-11-13 10:22:08.032 Код недоступен: "010463115228513521mLqVfq5\x1D93rfcJ"..
    Сообщение: "SC\x111\x11010463115228513521mLqVfq5\x1D93rfcJ"
[error] 2023-11-13 10:22:09.369 Код недоступен: "010463115228513521XIWHZO=\x1D93jAkW"..
    Сообщение: "SC\x111\x11010463115228513521XIWHZO=\x1D93jAkW"
[error] 2023-11-13 10:22:10.705 Код недоступен: "010463115228513521GMMU!r>\x1D93TjAC"..
    Сообщение: "SC\x111\x11010463115228513521GMMU!r>\x1D93TjAC"
[error] 2023-11-13 10:22:12.007 Код недоступен: "010463115228513521YiJ\"fNs\x1D934nZ3"..
    Сообщение: "SC\x111\x11010463115228513521YiJ\"fNs\x1D934nZ3"
[error] 2023-11-13 10:22:13.357 Код недоступен: "010463115228513521g>X9oX;\x1D93K9u2"..
    Сообщение: "SC\x111\x11010463115228513521g>X9oX;\x1D93K9u2"
[error] 2023-11-13 10:22:14.705 Код недоступен: "010463115228513521+S(eRjh\x1D93HiXE"..
    Сообщение: "SC\x111\x11010463115228513521+S(eRjh\x1D93HiXE"
[error] 2023-11-13 10:23:04.772 Код недоступен: "010463115228513521gxgkDae\x1D936ddp"..
    Сообщение: "SC\x111\x11010463115228513521gxgkDae\x1D936ddp"
[error] 2023-11-13 10:23:06.106 Код недоступен: "010463115228513521kN2NyW!\x1D93s5h5"..
    Сообщение: "SC\x111\x11010463115228513521kN2NyW!\x1D93s5h5"
[error] 2023-11-13 10:23:07.431 Код недоступен: "0104631152285135219a=Hh6t\x1D93azZP"..
    Сообщение: "SC\x111\x110104631152285135219a=Hh6t\x1D93azZP"
[error] 2023-11-13 10:23:08.732 Код недоступен: "010463115228513521baTjU%f\x1D93lRjT"..
    Сообщение: "SC\x111\x11010463115228513521baTjU%f\x1D93lRjT"
[error] 2023-11-13 10:23:10.079 Код недоступен: "010463115228513521q)SCMgd\x1D93dcC7"..
    Сообщение: "SC\x111\x11010463115228513521q)SCMgd\x1D93dcC7"
[error] 2023-11-13 10:23:11.381 Код недоступен: "010463115228513521T-%8)X>\x1D93FVHk"..
    Сообщение: "SC\x111\x11010463115228513521T-%8)X>\x1D93FVHk"
[error] 2023-11-13 10:23:12.728 Код недоступен: "010463115228513521QfGs=Bl\x1D93zhru"..
    Сообщение: "SC\x111\x11010463115228513521QfGs=Bl\x1D93zhru"
[error] 2023-11-13 10:23:14.048 Код недоступен: "010463115228513521jgU)C3K\x1D93NUgn"..
    Сообщение: "SC\x111\x11010463115228513521jgU)C3K\x1D93NUgn"
[error] 2023-11-13 10:23:15.384 Код недоступен: "0104631152285135210DaS&&l\x1D93GZe8"..
    Сообщение: "SC\x111\x110104631152285135210DaS&&l\x1D93GZe8"
[error] 2023-11-13 10:23:16.703 Код недоступен: "010463115228513521AKUtOSb\x1D93JxIC"..
    Сообщение: "SC\x111\x11010463115228513521AKUtOSb\x1D93JxIC"
[error] 2023-11-13 10:23:18.057 Код недоступен: "010463115228513521Z/cjE9/\x1D93Ooc8"..
    Сообщение: "SC\x111\x11010463115228513521Z/cjE9/\x1D93Ooc8"
[error] 2023-11-13 10:23:19.408 Код недоступен: "010463115228513521m:)csX&\x1D93/7FE"..
    Сообщение: "SC\x111\x11010463115228513521m:)csX&\x1D93/7FE"
[error] 2023-11-13 10:23:25.691 Код недоступен: "010463115228513521M%bxTWd\x1D93jsxI"..
    Сообщение: "SC\x111\x11010463115228513521M%bxTWd\x1D93jsxI"
[error] 2023-11-13 10:23:27.034 Код недоступен: "010463115228513521lcFfS9I\x1D93RB3B"..
    Сообщение: "SC\x111\x11010463115228513521lcFfS9I\x1D93RB3B"
[error] 2023-11-13 10:23:28.331 Код недоступен: "010463115228513521(T*kHma\x1D93g/su"..
    Сообщение: "SC\x111\x11010463115228513521(T*kHma\x1D93g/su"
[error] 2023-11-13 10:23:29.681 Код недоступен: "010463115228513521aigy6=!\x1D93JinK"..
    Сообщение: "SC\x111\x11010463115228513521aigy6=!\x1D93JinK"
[error] 2023-11-13 10:23:30.989 Код недоступен: "010463115228513521ehK5>VH\x1D93KWL+"..
    Сообщение: "SC\x111\x11010463115228513521ehK5>VH\x1D93KWL+"
[error] 2023-11-13 10:23:32.351 Код недоступен: "010463115228513521a(5X+Pk\x1D93sZPw"..
    Сообщение: "SC\x111\x11010463115228513521a(5X+Pk\x1D93sZPw"
[error] 2023-11-13 10:23:33.646 Код недоступен: "010463115228513521M3ZJUTQ\x1D93m6AW"..
    Сообщение: "SC\x111\x11010463115228513521M3ZJUTQ\x1D93m6AW"
[error] 2023-11-13 10:23:34.987 Код недоступен: "010463115228513521Vyoj)FE\x1D93DmxZ"..
    Сообщение: "SC\x111\x11010463115228513521Vyoj)FE\x1D93DmxZ"
[error] 2023-11-13 10:23:36.323 Код недоступен: "010463115228513521bMN'6P2\x1D93s96n"..
    Сообщение: "SC\x111\x11010463115228513521bMN'6P2\x1D93s96n"
[error] 2023-11-13 10:23:37.671 Код недоступен: "010463115228513521D11fdLG\x1D93UN79"..
    Сообщение: "SC\x111\x11010463115228513521D11fdLG\x1D93UN79"
[error] 2023-11-13 10:23:38.978 Код недоступен: "010463115228513521kDQRW4p\x1D93eOzN"..
    Сообщение: "SC\x111\x11010463115228513521kDQRW4p\x1D93eOzN"
[error] 2023-11-13 10:23:40.311 Код недоступен: "010463115228513521U+ETjG>\x1D933UaI"..
    Сообщение: "SC\x111\x11010463115228513521U+ETjG>\x1D933UaI"
[error] 2023-11-13 10:24:20.325 Код недоступен: "010463115228513521%?G&T!X\x1D93kNGM"..
    Сообщение: "SC\x111\x11010463115228513521%?G&T!X\x1D93kNGM"
[error] 2023-11-13 10:24:21.666 Код недоступен: "010463115228513521XI<NqTc\x1D93KEsY"..
    Сообщение: "SC\x111\x11010463115228513521XI<NqTc\x1D93KEsY"
[error] 2023-11-13 10:24:22.959 Код недоступен: "010463115228513521uXKiiXs\x1D935dpZ"..
    Сообщение: "SC\x111\x11010463115228513521uXKiiXs\x1D935dpZ"
[error] 2023-11-13 10:24:24.282 Код недоступен: "010463115228513521R:,;rqq\x1D93Y499"..
    Сообщение: "SC\x111\x11010463115228513521R:,;rqq\x1D93Y499"
[error] 2023-11-13 10:24:25.620 Код недоступен: "010463115228513521rqpBIZE\x1D9399mK"..
    Сообщение: "SC\x111\x11010463115228513521rqpBIZE\x1D9399mK"
[error] 2023-11-13 10:24:26.938 Код недоступен: "010463115228513521CF0gF7D\x1D93+fcE"..
    Сообщение: "SC\x111\x11010463115228513521CF0gF7D\x1D93+fcE"
[error] 2023-11-13 10:24:28.245 Ошибка чтения.
    Сообщение: "SC\x111\x11NoRead"
[error] 2023-11-13 10:24:29.598 Код недоступен: "010463115228513521Lm_jDnO\x1D93jqrI"..
    Сообщение: "SC\x111\x11010463115228513521Lm_jDnO\x1D93jqrI"
[error] 2023-11-13 10:24:30.934 Код недоступен: "010463115228513521Y<o%11k\x1D93Xbq5"..
    Сообщение: "SC\x111\x11010463115228513521Y<o%11k\x1D93Xbq5"
[error] 2023-11-13 10:24:32.265 Код недоступен: "010463115228513521Z.FpLh!\x1D93BOH4"..
    Сообщение: "SC\x111\x11010463115228513521Z.FpLh!\x1D93BOH4"
[error] 2023-11-13 10:24:33.598 Код недоступен: "010463115228513521xILTt_M\x1D93aUVN"..
    Сообщение: "SC\x111\x11010463115228513521xILTt_M\x1D93aUVN"
[error] 2023-11-13 10:24:34.932 Код недоступен: "010463115228513521kLHTsD+\x1D939eNX"..
    Сообщение: "SC\x111\x11010463115228513521kLHTsD+\x1D939eNX"
[error] 2023-11-13 10:25:00.799 Код недоступен: "010463115228513521Hpbfl54\x1D93ZenO"..
    Сообщение: "SC\x111\x11010463115228513521Hpbfl54\x1D93ZenO"
[error] 2023-11-13 10:25:03.168 Код недоступен: "0104631152285135211sfJ,M7\x1D93KbzX"..
    Сообщение: "SC\x111\x110104631152285135211sfJ,M7\x1D93KbzX"
[error] 2023-11-13 11:17:49.474 Задание на производство не запущено..
    Сообщение: "SC\x111\x11010463115228513521g-EdPgl\x1D93QKls"
[error] 2023-11-13 11:19:04.145 Задание на производство не запущено..
    Сообщение: "SC\x111\x11010463115228513521g-EdPgl\x1D93QKls"
[error] 2023-11-13 11:21:28.738 Код недоступен: "010463115228513521mr3AlCO\x1D93zTLj"..
    Сообщение: "SC\x111\x11010463115228513521mr3AlCO\x1D93zTLj"
[error] 2023-11-13 11:22:36.344 Код недоступен: "010463115228513521mr3AlCO\x1D93zTLj"..
    Сообщение: "SC\x111\x11010463115228513521mr3AlCO\x1D93zTLj"
[error] 2023-11-13 11:23:00.985 Код недоступен: "010463115228513521mr3AlCO\x1D93zTLj"..
    Сообщение: "SC\x111\x11010463115228513521mr3AlCO\x1D93zTLj"
[error] 2023-11-13 11:23:17.972 Код недоступен: "010463115228513521mr3AlCO\x1D93zTLj"..
    Сообщение: "SC\x111\x11010463115228513521mr3AlCO\x1D93zTLj"
[error] 2023-11-13 11:27:23.129 Задание на производство не запущено..
    Сообщение: "SC\x111\x11010463115228513521btFbnNV\x1D93LOmj"
[error] 2023-11-13 11:27:52.801 Код недоступен: "010463115228513521btFbnNV\x1D93LOmj"..
    Сообщение: "SC\x111\x11010463115228513521btFbnNV\x1D93LOmj"
[error] 2023-11-13 11:29:01.283 Код недоступен: "010463115228513521!9xJL4U\x1D93m/jD"..
    Сообщение: "SC\x111\x11010463115228513521!9xJL4U\x1D93m/jD"
[error] 2023-11-13 11:29:08.375 Код недоступен: "010463115228513521TS'UYKc\x1D93Myrl"..
    Сообщение: "SC\x111\x11010463115228513521TS'UYKc\x1D93Myrl"
[error] 2023-11-13 11:29:11.009 Код недоступен: "010463115228513521X0:O+Lt\x1D93y/aV"..
    Сообщение: "SC\x111\x11010463115228513521X0:O+Lt\x1D93y/aV"
[error] 2023-11-13 11:29:14.053 Код недоступен: "010463115228513521N>dsNcg\x1D93O7Wn"..
    Сообщение: "SC\x111\x11010463115228513521N>dsNcg\x1D93O7Wn"
[error] 2023-11-13 11:29:17.967 Код недоступен: "010463115228513521dQnUeL-\x1D933153"..
    Сообщение: "SC\x111\x11010463115228513521dQnUeL-\x1D933153"
[error] 2023-11-13 11:29:20.485 Код недоступен: "010463115228513521cWrqg&R\x1D93+Uxb"..
    Сообщение: "SC\x111\x11010463115228513521cWrqg&R\x1D93+Uxb"
[error] 2023-11-13 11:29:24.914 Код недоступен: "010463115228513521PfWVyRr\x1D93ZEaz"..
    Сообщение: "SC\x111\x11010463115228513521PfWVyRr\x1D93ZEaz"
[error] 2023-11-13 11:29:28.239 Код недоступен: "010463115228513521q)SCMgd\x1D93dcC7"..
    Сообщение: "SC\x111\x11010463115228513521q)SCMgd\x1D93dcC7"
[error] 2023-11-13 11:29:30.960 Код недоступен: "010463115228513521dgPBWxd\x1D93fQW9"..
    Сообщение: "SC\x111\x11010463115228513521dgPBWxd\x1D93fQW9"
[error] 2023-11-13 11:29:34.726 Код недоступен: "010463115228513521NPJ,pj9\x1D93Ktm9"..
    Сообщение: "SC\x111\x11010463115228513521NPJ,pj9\x1D93Ktm9"
[error] 2023-11-13 11:29:37.231 Код недоступен: "010463115228513521oZDsRbL\x1D93ydh6"..
    Сообщение: "SC\x111\x11010463115228513521oZDsRbL\x1D93ydh6"
[error] 2023-11-13 11:29:39.761 Код недоступен: "010463115228513521)MPDq9j\x1D93RyQ6"..
    Сообщение: "SC\x111\x11010463115228513521)MPDq9j\x1D93RyQ6"
[error] 2023-11-13 11:29:42.658 Код недоступен: "010463115228513521b2UjBjX\x1D935G2L"..
    Сообщение: "SC\x111\x11010463115228513521b2UjBjX\x1D935G2L"
[error] 2023-11-13 11:29:44.830 Код недоступен: "010463115228513521Ygs,,WM\x1D93iTcr"..
    Сообщение: "SC\x111\x11010463115228513521Ygs,,WM\x1D93iTcr"
[error] 2023-11-13 11:29:52.004 Код недоступен: "010463115228513521gIoeMzb\x1D93z5ok"..
    Сообщение: "SC\x111\x11010463115228513521gIoeMzb\x1D93z5ok"
[error] 2023-11-13 11:29:55.005 Код недоступен: "010463115228513521,OYqhTa\x1D93HV87"..
    Сообщение: "SC\x111\x11010463115228513521,OYqhTa\x1D93HV87"
[error] 2023-11-13 11:29:57.668 Код недоступен: "010463115228513521HjmGr;u\x1D93inoB"..
    Сообщение: "SC\x111\x11010463115228513521HjmGr;u\x1D93inoB"
[error] 2023-11-13 11:30:00.637 Код недоступен: "0104631152285135210\"cXYr(\x1D93kJ8/"..
    Сообщение: "SC\x111\x110104631152285135210\"cXYr(\x1D93kJ8/"
[error] 2023-11-13 11:30:03.675 Код недоступен: "0104631152285135219B8gVFd\x1D93kS+4"..
    Сообщение: "SC\x111\x110104631152285135219B8gVFd\x1D93kS+4"
[error] 2023-11-13 11:30:06.185 Код недоступен: "010463115228513521q0O!FRt\x1D93MOG+"..
    Сообщение: "SC\x111\x11010463115228513521q0O!FRt\x1D93MOG+"
[error] 2023-11-13 11:30:08.654 Код недоступен: "010463115228513521UgEC!dE\x1D93PmMD"..
    Сообщение: "SC\x111\x11010463115228513521UgEC!dE\x1D93PmMD"
[error] 2023-11-13 11:30:16.568 Код недоступен: "010463115228513521Nn*Wh&r\x1D93mvDP"..
    Сообщение: "SC\x111\x11010463115228513521Nn*Wh&r\x1D93mvDP"
[error] 2023-11-13 11:30:19.236 Код недоступен: "0104631152285135217qbG7/J\x1D93++uz"..
    Сообщение: "SC\x111\x110104631152285135217qbG7/J\x1D93++uz"
[error] 2023-11-13 11:30:21.767 Код недоступен: "010463115228513521BK-dkla\x1D939il0"..
    Сообщение: "SC\x111\x11010463115228513521BK-dkla\x1D939il0"
[error] 2023-11-13 11:30:23.837 Код недоступен: "0104631152285135212hc8WS!\x1D93GiYC"..
    Сообщение: "SC\x111\x110104631152285135212hc8WS!\x1D93GiYC"
[error] 2023-11-13 11:30:26.172 Код недоступен: "0104631152285135216?UdOFI\x1D93XSC0"..
    Сообщение: "SC\x111\x110104631152285135216?UdOFI\x1D93XSC0"
[error] 2023-11-13 11:30:29.267 Код недоступен: "010463115228513521YjautrC\x1D93ukx0"..
    Сообщение: "SC\x111\x11010463115228513521YjautrC\x1D93ukx0"
[error] 2023-11-13 11:30:33.053 Код недоступен: "010463115228513521l,E&FNa\x1D93xEdZ"..
    Сообщение: "SC\x111\x11010463115228513521l,E&FNa\x1D93xEdZ"
[error] 2023-11-13 11:30:40.617 Код недоступен: "010463115228513521rD<aW+x\x1D93TWTj"..
    Сообщение: "SC\x111\x11010463115228513521rD<aW+x\x1D93TWTj"
[error] 2023-11-13 11:30:42.783 Код недоступен: "010463115228513521BhKAgAY\x1D93ju2J"..
    Сообщение: "SC\x111\x11010463115228513521BhKAgAY\x1D93ju2J"
[error] 2023-11-13 11:30:45.081 Код недоступен: "010463115228513521dqr9pqJ\x1D93/iYG"..
    Сообщение: "SC\x111\x11010463115228513521dqr9pqJ\x1D93/iYG"
[error] 2023-11-13 11:30:49.818 Код недоступен: "010463115228513521NX*F1cv\x1D93TDbg"..
    Сообщение: "SC\x111\x11010463115228513521NX*F1cv\x1D93TDbg"
[error] 2023-11-13 11:30:52.644 Код недоступен: "010463115228513521btFbnNV\x1D93LOmj"..
    Сообщение: "SC\x111\x11010463115228513521btFbnNV\x1D93LOmj"
[error] 2023-11-13 11:30:55.056 Код недоступен: "0104631152285135214dgIJE)\x1D93iYLd"..
    Сообщение: "SC\x111\x110104631152285135214dgIJE)\x1D93iYLd"
[error] 2023-11-13 11:30:57.249 Код недоступен: "010463115228513521!55ZWDQ\x1D93bLmJ"..
    Сообщение: "SC\x111\x11010463115228513521!55ZWDQ\x1D93bLmJ"
[error] 2023-11-13 11:31:00.751 Код недоступен: "010463115228513521mr3AlCO\x1D93zTLj"..
    Сообщение: "SC\x111\x11010463115228513521mr3AlCO\x1D93zTLj"
[error] 2023-11-13 11:31:02.867 Код недоступен: "0104631152285135211'vRaX)\x1D93i2S8"..
    Сообщение: "SC\x111\x110104631152285135211'vRaX)\x1D93i2S8"
[error] 2023-11-13 11:31:05.076 Код недоступен: "010463115228513521f*JXLzm\x1D93n7pn"..
    Сообщение: "SC\x111\x11010463115228513521f*JXLzm\x1D93n7pn"
[error] 2023-11-13 11:31:07.326 Код недоступен: "010463115228513521WMMb1PS\x1D933fG4"..
    Сообщение: "SC\x111\x11010463115228513521WMMb1PS\x1D933fG4"
[error] 2023-11-13 11:31:09.491 Код недоступен: "010463115228513521K?m66Kj\x1D93oURC"..
    Сообщение: "SC\x111\x11010463115228513521K?m66Kj\x1D93oURC"
[error] 2023-11-13 11:31:11.973 Код недоступен: "010463115228513521l34d9<n\x1D93tKFi"..
    Сообщение: "SC\x111\x11010463115228513521l34d9<n\x1D93tKFi"
[error] 2023-11-13 11:31:17.729 Код недоступен: "010463115228513521:OHI3r6\x1D93C8Vt"..
    Сообщение: "SC\x111\x11010463115228513521:OHI3r6\x1D93C8Vt"
[error] 2023-11-13 11:31:21.159 Код недоступен: "010463115228513521jlTn7Zx\x1D93Jaqq"..
    Сообщение: "SC\x111\x11010463115228513521jlTn7Zx\x1D93Jaqq"
[error] 2023-11-13 11:31:23.181 Код недоступен: "0104631152285135214:Bkuvl\x1D93RXyv"..
    Сообщение: "SC\x111\x110104631152285135214:Bkuvl\x1D93RXyv"
[error] 2023-11-13 11:31:27.854 Код недоступен: "010463115228513521+O9H-pt\x1D93lgOT"..
    Сообщение: "SC\x111\x11010463115228513521+O9H-pt\x1D93lgOT"
[error] 2023-11-13 11:31:30.821 Код недоступен: "010463115228513521eHBYi-:\x1D93+7/L"..
    Сообщение: "SC\x111\x11010463115228513521eHBYi-:\x1D93+7/L"
[error] 2023-11-13 11:31:33.389 Код недоступен: "010463115228513521JY9gO_,\x1D9399nV"..
    Сообщение: "SC\x111\x11010463115228513521JY9gO_,\x1D9399nV"
[error] 2023-11-13 11:31:35.349 Код недоступен: "010463115228513521&VFPlj%\x1D93xMwf"..
    Сообщение: "SC\x111\x11010463115228513521&VFPlj%\x1D93xMwf"
[error] 2023-11-13 11:31:37.591 Код недоступен: "010463115228513521fMIsmlP\x1D930GKz"..
    Сообщение: "SC\x111\x11010463115228513521fMIsmlP\x1D930GKz"
[error] 2023-11-13 11:31:42.197 Код недоступен: "010463115228513521T-hAllq\x1D93SnNY"..
    Сообщение: "SC\x111\x11010463115228513521T-hAllq\x1D93SnNY"
[error] 2023-11-13 11:31:44.541 Код недоступен: "010463115228513521t%8n\"-0\x1D93SZa0"..
    Сообщение: "SC\x111\x11010463115228513521t%8n\"-0\x1D93SZa0"
[error] 2023-11-13 11:31:46.886 Код недоступен: "010463115228513521?-AO<LC\x1D93ah5Q"..
    Сообщение: "SC\x111\x11010463115228513521?-AO<LC\x1D93ah5Q"
[error] 2023-11-13 11:31:50.547 Код недоступен: "0104631152285135213HlDF.;\x1D93Vhfy"..
    Сообщение: "SC\x111\x110104631152285135213HlDF.;\x1D93Vhfy"
[error] 2023-11-13 11:31:52.964 Код недоступен: "010463115228513521kfY9Viw\x1D93Z4PW"..
    Сообщение: "SC\x111\x11010463115228513521kfY9Viw\x1D93Z4PW"
[error] 2023-11-13 11:31:55.317 Код недоступен: "010463115228513521IO'?Wh/\x1D93eaBn"..
    Сообщение: "SC\x111\x11010463115228513521IO'?Wh/\x1D93eaBn"
[error] 2023-11-13 11:31:58.978 Код недоступен: "010463115228513521fs-qsQM\x1D93obmD"..
    Сообщение: "SC\x111\x11010463115228513521fs-qsQM\x1D93obmD"
[error] 2023-11-13 11:32:01.992 Код недоступен: "010463115228513521M.FtI92\x1D93II5M"..
    Сообщение: "SC\x111\x11010463115228513521M.FtI92\x1D93II5M"
[error] 2023-11-13 11:32:05.508 Код недоступен: "0104631152285135213<:z8%U\x1D93ZWjH"..
    Сообщение: "SC\x111\x110104631152285135213<:z8%U\x1D93ZWjH"
[error] 2023-11-13 11:32:08.903 Код недоступен: "010463115228513521Qo)h=R\"\x1D93wjFr"..
    Сообщение: "SC\x111\x11010463115228513521Qo)h=R\"\x1D93wjFr"
[error] 2023-11-13 11:32:11.750 Код недоступен: "010463115228513521g>X9oX;\x1D93K9u2"..
    Сообщение: "SC\x111\x11010463115228513521g>X9oX;\x1D93K9u2"
[error] 2023-11-13 11:32:17.666 Код недоступен: "010463115228513521=C!nT!x\x1D93FV7o"..
    Сообщение: "SC\x111\x11010463115228513521=C!nT!x\x1D93FV7o"
[error] 2023-11-13 11:32:20.341 Код недоступен: "010463115228513521X=nenIH\x1D93Sa7E"..
    Сообщение: "SC\x111\x11010463115228513521X=nenIH\x1D93Sa7E"
[error] 2023-11-13 11:32:22.370 Код недоступен: "010463115228513521jdCZKMy\x1D932ElE"..
    Сообщение: "SC\x111\x11010463115228513521jdCZKMy\x1D932ElE"
[error] 2023-11-13 11:32:26.531 Код недоступен: "010463115228513521d<gb*'c\x1D93sG3W"..
    Сообщение: "SC\x111\x11010463115228513521d<gb*'c\x1D93sG3W"
[error] 2023-11-13 11:32:28.847 Код недоступен: "010463115228513521cV-3?j7\x1D93RLS5"..
    Сообщение: "SC\x111\x11010463115228513521cV-3?j7\x1D93RLS5"
[error] 2023-11-13 11:32:31.909 Код недоступен: "010463115228513521R6n8rTp\x1D930R+8"..
    Сообщение: "SC\x111\x11010463115228513521R6n8rTp\x1D930R+8"
[error] 2023-11-13 11:32:35.526 Код недоступен: "010463115228513521E/;o(Ym\x1D93Jjd5"..
    Сообщение: "SC\x111\x11010463115228513521E/;o(Ym\x1D93Jjd5"
[error] 2023-11-13 11:32:35.795 Код недоступен: "010463115228513521E/;o(Ym\x1D93Jjd5"..
    Сообщение: "SC\x111\x11010463115228513521E/;o(Ym\x1D93Jjd5"
[error] 2023-11-13 11:32:39.541 Код недоступен: "010463115228513521Ba%jjMl\x1D93hfN/"..
    Сообщение: "SC\x111\x11010463115228513521Ba%jjMl\x1D93hfN/"
[error] 2023-11-13 11:32:42.165 Код недоступен: "010463115228513521PHO0<Rh\x1D93iw63"..
    Сообщение: "SC\x111\x11010463115228513521PHO0<Rh\x1D93iw63"
[error] 2023-11-13 11:32:44.360 Код недоступен: "010463115228513521bR/9v.i\x1D93uWea"..
    Сообщение: "SC\x111\x11010463115228513521bR/9v.i\x1D93uWea"
[error] 2023-11-13 11:32:48.382 Код недоступен: "010463115228513521nq\"wmMK\x1D93BL3E"..
    Сообщение: "SC\x111\x11010463115228513521nq\"wmMK\x1D93BL3E"
[error] 2023-11-13 11:32:50.409 Код недоступен: "0104631152285135216dhmqS5\x1D93OatV"..
    Сообщение: "SC\x111\x110104631152285135216dhmqS5\x1D93OatV"
[error] 2023-11-13 11:32:54.415 Код недоступен: "010463115228513521c;MCMCh\x1D93cMII"..
    Сообщение: "SC\x111\x11010463115228513521c;MCMCh\x1D93cMII"
[error] 2023-11-13 11:32:57.436 Код недоступен: "010463115228513521xXDa0zN\x1D9346sU"..
    Сообщение: "SC\x111\x11010463115228513521xXDa0zN\x1D9346sU"
[error] 2023-11-13 11:33:00.126 Код недоступен: "0104631152285135210qMjVnn\x1D939zRO"..
    Сообщение: "SC\x111\x110104631152285135210qMjVnn\x1D939zRO"
[error] 2023-11-13 11:33:03.995 Код недоступен: "010463115228513521QfGs=Bl\x1D93zhru"..
    Сообщение: "SC\x111\x11010463115228513521QfGs=Bl\x1D93zhru"
[error] 2023-11-13 11:33:06.248 Код недоступен: "010463115228513521T-%8)X>\x1D93FVHk"..
    Сообщение: "SC\x111\x11010463115228513521T-%8)X>\x1D93FVHk"
[error] 2023-11-13 11:33:09.293 Код недоступен: "010463115228513521jgU)C3K\x1D93NUgn"..
    Сообщение: "SC\x111\x11010463115228513521jgU)C3K\x1D93NUgn"
[error] 2023-11-13 11:33:11.405 Код недоступен: "010463115228513521H-'jI)L\x1D930WDt"..
    Сообщение: "SC\x111\x11010463115228513521H-'jI)L\x1D930WDt"
[error] 2023-11-13 11:33:13.386 Код недоступен: "010463115228513521baTjU%f\x1D93lRjT"..
    Сообщение: "SC\x111\x11010463115228513521baTjU%f\x1D93lRjT"
[error] 2023-11-13 11:33:15.329 Код недоступен: "010463115228513521QckqDYo\x1D93ogfN"..
    Сообщение: "SC\x111\x11010463115228513521QckqDYo\x1D93ogfN"
[error] 2023-11-13 11:33:17.521 Код недоступен: "010463115228513521X*thNRU\x1D93lHnZ"..
    Сообщение: "SC\x111\x11010463115228513521X*thNRU\x1D93lHnZ"
[error] 2023-11-13 11:33:20.972 Код недоступен: "010463115228513521A&\"Kd.3\x1D93eUF5"..
    Сообщение: "SC\x111\x11010463115228513521A&\"Kd.3\x1D93eUF5"
[error] 2023-11-13 11:33:23.618 Код недоступен: "010463115228513521IIZUDK-\x1D93fHH9"..
    Сообщение: "SC\x111\x11010463115228513521IIZUDK-\x1D93fHH9"
[error] 2023-11-13 11:33:37.138 Код недоступен: "0104631152285135210DaS&&l\x1D93GZe8"..
    Сообщение: "SC\x111\x110104631152285135210DaS&&l\x1D93GZe8"
[error] 2023-11-13 11:33:39.736 Код недоступен: "010463115228513521fSK6q_+\x1D93RonT"..
    Сообщение: "SC\x111\x11010463115228513521fSK6q_+\x1D93RonT"
[error] 2023-11-13 11:33:42.009 Код недоступен: "010463115228513521Aip&m*L\x1D931aIX"..
    Сообщение: "SC\x111\x11010463115228513521Aip&m*L\x1D931aIX"
[error] 2023-11-13 11:33:45.243 Код недоступен: "010463115228513521OrPWC?+\x1D938pfz"..
    Сообщение: "SC\x111\x11010463115228513521OrPWC?+\x1D938pfz"
[error] 2023-11-13 11:33:47.375 Код недоступен: "010463115228513521h9qyXcK\x1D93vMBk"..
    Сообщение: "SC\x111\x11010463115228513521h9qyXcK\x1D93vMBk"
[error] 2023-11-13 11:33:50.597 Код недоступен: "010463115228513521kgCpHmH\x1D93qyV/"..
    Сообщение: "SC\x111\x11010463115228513521kgCpHmH\x1D93qyV/"
[error] 2023-11-13 11:33:52.818 Код недоступен: "010463115228513521=JNE28C\x1D9313Af"..
    Сообщение: "SC\x111\x11010463115228513521=JNE28C\x1D9313Af"
[error] 2023-11-13 11:33:56.281 Код недоступен: "010463115228513521up2Om6?\x1D93DE8j"..
    Сообщение: "SC\x111\x11010463115228513521up2Om6?\x1D93DE8j"
[error] 2023-11-13 11:33:58.717 Код недоступен: "0104631152285135214E.v6q=\x1D93A8VP"..
    Сообщение: "SC\x111\x110104631152285135214E.v6q=\x1D93A8VP"
[error] 2023-11-13 11:34:00.782 Код недоступен: "010463115228513521JcrZa?8\x1D93F1eo"..
    Сообщение: "SC\x111\x11010463115228513521JcrZa?8\x1D93F1eo"
[error] 2023-11-13 11:34:09.561 Код недоступен: "010463115228513521kxDotAn\x1D93IFeT"..
    Сообщение: "SC\x111\x11010463115228513521kxDotAn\x1D93IFeT"
[error] 2023-11-13 11:34:13.451 Код недоступен: "010463115228513521J+tm,iH\x1D936o04"..
    Сообщение: "SC\x111\x11010463115228513521J+tm,iH\x1D936o04"
[error] 2023-11-13 11:34:15.507 Код недоступен: "010463115228513521v,2et;f\x1D93lf87"..
    Сообщение: "SC\x111\x11010463115228513521v,2et;f\x1D93lf87"
[error] 2023-11-13 11:34:17.777 Код недоступен: "010463115228513521z3,Dy5L\x1D93ZSOM"..
    Сообщение: "SC\x111\x11010463115228513521z3,Dy5L\x1D93ZSOM"
[error] 2023-11-13 11:34:21.447 Код недоступен: "010463115228513521QC+OY%A\x1D93rWLX"..
    Сообщение: "SC\x111\x11010463115228513521QC+OY%A\x1D93rWLX"
[error] 2023-11-13 11:34:23.965 Код недоступен: "010463115228513521KwFL5os\x1D93E0k2"..
    Сообщение: "SC\x111\x11010463115228513521KwFL5os\x1D93E0k2"
[error] 2023-11-13 11:34:26.223 Код недоступен: "010463115228513521oLja1jI\x1D93Cfqf"..
    Сообщение: "SC\x111\x11010463115228513521oLja1jI\x1D93Cfqf"
[error] 2023-11-13 11:34:28.557 Код недоступен: "010463115228513521Hd;Dj02\x1D93c0RC"..
    Сообщение: "SC\x111\x11010463115228513521Hd;Dj02\x1D93c0RC"
[error] 2023-11-13 11:34:30.504 Код недоступен: "010463115228513521?mifFD-\x1D93fGxY"..
    Сообщение: "SC\x111\x11010463115228513521?mifFD-\x1D93fGxY"
[error] 2023-11-13 11:34:32.375 Код недоступен: "010463115228513521kZAH&MF\x1D93uSem"..
    Сообщение: "SC\x111\x11010463115228513521kZAH&MF\x1D93uSem"
[error] 2023-11-13 11:34:34.864 Код недоступен: "010463115228513521npVP7WX\x1D93/bN5"..
    Сообщение: "SC\x111\x11010463115228513521npVP7WX\x1D93/bN5"
[error] 2023-11-13 11:34:37.933 Код недоступен: "010463115228513521eCQgHo4\x1D93EL6J"..
    Сообщение: "SC\x111\x11010463115228513521eCQgHo4\x1D93EL6J"
[error] 2023-11-13 11:34:40.660 Код недоступен: "010463115228513521\"1)uXCQ\x1D93D6bC"..
    Сообщение: "SC\x111\x11010463115228513521\"1)uXCQ\x1D93D6bC"
[error] 2023-11-13 11:34:43.427 Код недоступен: "010463115228513521tB!fj/w\x1D93MQOK"..
    Сообщение: "SC\x111\x11010463115228513521tB!fj/w\x1D93MQOK"
[error] 2023-11-13 11:34:45.268 Код недоступен: "010463115228513521iJIgx10\x1D93iUNx"..
    Сообщение: "SC\x111\x11010463115228513521iJIgx10\x1D93iUNx"
[error] 2023-11-13 11:34:47.324 Код недоступен: "010463115228513521IklhS>R\x1D93PAx9"..
    Сообщение: "SC\x111\x11010463115228513521IklhS>R\x1D93PAx9"
[error] 2023-11-13 11:34:49.397 Код недоступен: "010463115228513521uJbtWBX\x1D93FzO2"..
    Сообщение: "SC\x111\x11010463115228513521uJbtWBX\x1D93FzO2"
[error] 2023-11-13 11:34:52.340 Код недоступен: "010463115228513521j+xunl3\x1D93+RUG"..
    Сообщение: "SC\x111\x11010463115228513521j+xunl3\x1D93+RUG"
[error] 2023-11-13 11:34:57.556 Код недоступен: "010463115228513521IgrWoT+\x1D936Yxs"..
    Сообщение: "SC\x111\x11010463115228513521IgrWoT+\x1D936Yxs"
[error] 2023-11-13 11:35:00.401 Код недоступен: "0104631152285135219BfP(\"C\x1D93HA/G"..
    Сообщение: "SC\x111\x110104631152285135219BfP(\"C\x1D93HA/G"
[error] 2023-11-13 11:35:03.088 Код недоступен: "010463115228513521FgW2ANd\x1D93sRlu"..
    Сообщение: "SC\x111\x11010463115228513521FgW2ANd\x1D93sRlu"
[error] 2023-11-13 11:35:04.915 Код недоступен: "010463115228513521c8NzbjX\x1D939ti7"..
    Сообщение: "SC\x111\x11010463115228513521c8NzbjX\x1D939ti7"
[error] 2023-11-13 11:35:13.122 Код недоступен: "010463115228513521Ds%q,8!\x1D93Q6Dc"..
    Сообщение: "SC\x111\x11010463115228513521Ds%q,8!\x1D93Q6Dc"
[error] 2023-11-13 11:35:16.213 Код недоступен: "010463115228513521kOkIh*I\x1D93r4B0"..
    Сообщение: "SC\x111\x11010463115228513521kOkIh*I\x1D93r4B0"
[error] 2023-11-13 11:35:18.288 Код недоступен: "010463115228513521yRmZbEQ\x1D9319G9"..
    Сообщение: "SC\x111\x11010463115228513521yRmZbEQ\x1D9319G9"
[error] 2023-11-13 11:35:24.759 Код недоступен: "010463115228513521dq:vgB8\x1D93btxG"..
    Сообщение: "SC\x111\x11010463115228513521dq:vgB8\x1D93btxG"
[error] 2023-11-13 11:35:27.460 Код недоступен: "010463115228513521wRkpoYP\x1D939m4I"..
    Сообщение: "SC\x111\x11010463115228513521wRkpoYP\x1D939m4I"
[error] 2023-11-13 11:35:30.276 Код недоступен: "010463115228513521!>tl!T;\x1D93lYeu"..
    Сообщение: "SC\x111\x11010463115228513521!>tl!T;\x1D93lYeu"
[error] 2023-11-13 11:35:32.647 Код недоступен: "010463115228513521PXhypjG\x1D93tVou"..
    Сообщение: "SC\x111\x11010463115228513521PXhypjG\x1D93tVou"
[error] 2023-11-13 11:35:40.370 Код недоступен: "010463115228513521GnBdsPf\x1D93XObv"..
    Сообщение: "SC\x111\x11010463115228513521GnBdsPf\x1D93XObv"
[error] 2023-11-13 11:35:43.195 Код недоступен: "010463115228513521tqn<NOL\x1D93KsVs"..
    Сообщение: "SC\x111\x11010463115228513521tqn<NOL\x1D93KsVs"
[error] 2023-11-13 11:35:46.561 Код недоступен: "010463115228513521TAlv8i4\x1D93VqkV"..
    Сообщение: "SC\x111\x11010463115228513521TAlv8i4\x1D93VqkV"
[error] 2023-11-13 11:36:02.950 Код недоступен: "010463115228513521SgLGoM<\x1D930ytm"..
    Сообщение: "SC\x111\x11010463115228513521SgLGoM<\x1D930ytm"
[error] 2023-11-13 11:36:05.485 Код недоступен: "010463115228513521R2NU%pk\x1D93L51U"..
    Сообщение: "SC\x111\x11010463115228513521R2NU%pk\x1D93L51U"
[error] 2023-11-13 11:36:07.449 Код недоступен: "0104631152285135210PZ'R2V\x1D93wRE9"..
    Сообщение: "SC\x111\x110104631152285135210PZ'R2V\x1D93wRE9"
[error] 2023-11-13 11:36:10.957 Код недоступен: "010463115228513521_TIVTQ(\x1D938dUj"..
    Сообщение: "SC\x111\x11010463115228513521_TIVTQ(\x1D938dUj"
[error] 2023-11-13 11:36:13.593 Код недоступен: "010463115228513521+S(eRjh\x1D93HiXE"..
    Сообщение: "SC\x111\x11010463115228513521+S(eRjh\x1D93HiXE"
[error] 2023-11-13 11:36:15.627 Код недоступен: "010463115228513521AIW-O5r\x1D935kIA"..
    Сообщение: "SC\x111\x11010463115228513521AIW-O5r\x1D935kIA"
[error] 2023-11-13 11:36:17.575 Код недоступен: "010463115228513521qQFJTUu\x1D93EVzy"..
    Сообщение: "SC\x111\x11010463115228513521qQFJTUu\x1D93EVzy"
[error] 2023-11-13 11:36:20.721 Код недоступен: "010463115228513521Ig/n-Sn\x1D932pRu"..
    Сообщение: "SC\x111\x11010463115228513521Ig/n-Sn\x1D932pRu"
[error] 2023-11-13 11:36:23.953 Код недоступен: "010463115228513521J9NzkNX\x1D93+lQD"..
    Сообщение: "SC\x111\x11010463115228513521J9NzkNX\x1D93+lQD"
[error] 2023-11-13 11:36:26.135 Код недоступен: "010463115228513521x:FoXE%\x1D93Slei"..
    Сообщение: "SC\x111\x11010463115228513521x:FoXE%\x1D93Slei"
[error] 2023-11-13 11:36:28.987 Код недоступен: "010463115228513521?mFlZ2,\x1D93q8kK"..
    Сообщение: "SC\x111\x11010463115228513521?mFlZ2,\x1D93q8kK"
[error] 2023-11-13 11:36:32.939 Код недоступен: "010463115228513521kaDsKRR\x1D93W9l4"..
    Сообщение: "SC\x111\x11010463115228513521kaDsKRR\x1D93W9l4"
[error] 2023-11-13 11:36:35.584 Код недоступен: "010463115228513521U+ETjG>\x1D933UaI"..
    Сообщение: "SC\x111\x11010463115228513521U+ETjG>\x1D933UaI"
[error] 2023-11-13 11:36:38.530 Код недоступен: "010463115228513521hJzMQC3\x1D93HMlP"..
    Сообщение: "SC\x111\x11010463115228513521hJzMQC3\x1D93HMlP"
[error] 2023-11-13 11:36:43.607 Код недоступен: "010463115228513521A%yJeXl\x1D93GG5C"..
    Сообщение: "SC\x111\x11010463115228513521A%yJeXl\x1D93GG5C"
[error] 2023-11-13 11:36:46.267 Код недоступен: "010463115228513521kDQRW4p\x1D93eOzN"..
    Сообщение: "SC\x111\x11010463115228513521kDQRW4p\x1D93eOzN"
[error] 2023-11-13 11:36:48.672 Код недоступен: "010463115228513521mLqVfq5\x1D93rfcJ"..
    Сообщение: "SC\x111\x11010463115228513521mLqVfq5\x1D93rfcJ"
[error] 2023-11-13 11:36:53.101 Код недоступен: "010463115228513521nV4kjjc\x1D9324fi"..
    Сообщение: "SC\x111\x11010463115228513521nV4kjjc\x1D9324fi"
[error] 2023-11-13 11:36:55.666 Код недоступен: "010463115228513521bMN'6P2\x1D93s96n"..
    Сообщение: "SC\x111\x11010463115228513521bMN'6P2\x1D93s96n"
[error] 2023-11-13 11:36:59.430 Код недоступен: "010463115228513521R:,;rqq\x1D93Y499"..
    Сообщение: "SC\x111\x11010463115228513521R:,;rqq\x1D93Y499"
[error] 2023-11-13 11:37:03.440 Код недоступен: "010463115228513521UNrbcic\x1D93dIej"..
    Сообщение: "SC\x111\x11010463115228513521UNrbcic\x1D93dIej"
[error] 2023-11-13 11:37:06.840 Код недоступен: "010463115228513521GMMU!r>\x1D93TjAC"..
    Сообщение: "SC\x111\x11010463115228513521GMMU!r>\x1D93TjAC"
[error] 2023-11-13 11:37:09.083 Код недоступен: "010463115228513521XIWHZO=\x1D93jAkW"..
    Сообщение: "SC\x111\x11010463115228513521XIWHZO=\x1D93jAkW"
[error] 2023-11-13 11:37:11.415 Код недоступен: "010463115228513521YiJ\"fNs\x1D934nZ3"..
    Сообщение: "SC\x111\x11010463115228513521YiJ\"fNs\x1D934nZ3"
[error] 2023-11-13 11:37:14.142 Код недоступен: "010463115228513521C>Aj%Bq\x1D93Ax5X"..
    Сообщение: "SC\x111\x11010463115228513521C>Aj%Bq\x1D93Ax5X"
[error] 2023-11-13 11:37:16.626 Код недоступен: "010463115228513521DK!7?DQ\x1D93DlUw"..
    Сообщение: "SC\x111\x11010463115228513521DK!7?DQ\x1D93DlUw"
[error] 2023-11-13 11:37:18.856 Код недоступен: "010463115228513521nLaKtco\x1D93XshK"..
    Сообщение: "SC\x111\x11010463115228513521nLaKtco\x1D93XshK"
[error] 2023-11-13 11:37:22.515 Код недоступен: "010463115228513521**wg\"Sx\x1D934Wf2"..
    Сообщение: "SC\x111\x11010463115228513521**wg\"Sx\x1D934Wf2"
[error] 2023-11-13 11:37:25.773 Код недоступен: "010463115228513521M%bxTWd\x1D93jsxI"..
    Сообщение: "SC\x111\x11010463115228513521M%bxTWd\x1D93jsxI"
[error] 2023-11-13 11:37:27.809 Код недоступен: "010463115228513521ehK5>VH\x1D93KWL+"..
    Сообщение: "SC\x111\x11010463115228513521ehK5>VH\x1D93KWL+"
[error] 2023-11-13 11:37:30.804 Код недоступен: "010463115228513521_lse\"gF\x1D93kJHP"..
    Сообщение: "SC\x111\x11010463115228513521_lse\"gF\x1D93kJHP"
[error] 2023-11-13 11:37:33.130 Код недоступен: "010463115228513521Q6HaSAY\x1D93cqZ4"..
    Сообщение: "SC\x111\x11010463115228513521Q6HaSAY\x1D93cqZ4"
[error] 2023-11-13 11:37:36.562 Код недоступен: "010463115228513521!_R+bts\x1D93RasP"..
    Сообщение: "SC\x111\x11010463115228513521!_R+bts\x1D93RasP"
[error] 2023-11-13 11:37:39.580 Код недоступен: "010463115228513521SRIJ\")Y\x1D93Zhc6"..
    Сообщение: "SC\x111\x11010463115228513521SRIJ\")Y\x1D93Zhc6"
[error] 2023-11-13 11:37:42.808 Код недоступен: "010463115228513521C!lBqd?\x1D93dCdZ"..
    Сообщение: "SC\x111\x11010463115228513521C!lBqd?\x1D93dCdZ"
[error] 2023-11-13 11:37:47.936 Код недоступен: "010463115228513521u-Sy\"Jo\x1D93BHIp"..
    Сообщение: "SC\x111\x11010463115228513521u-Sy\"Jo\x1D93BHIp"
[error] 2023-11-13 11:37:49.959 Код недоступен: "010463115228513521:CyL<bw\x1D93bJEG"..
    Сообщение: "SC\x111\x11010463115228513521:CyL<bw\x1D93bJEG"
[error] 2023-11-13 11:37:52.748 Код недоступен: "010463115228513521TkNcIgU\x1D934q2E"..
    Сообщение: "SC\x111\x11010463115228513521TkNcIgU\x1D934q2E"
[error] 2023-11-13 11:37:54.940 Код недоступен: "010463115228513521YrE?O?J\x1D93aMhO"..
    Сообщение: "SC\x111\x11010463115228513521YrE?O?J\x1D93aMhO"
[error] 2023-11-13 11:37:57.738 Код недоступен: "010463115228513521AKUtOSb\x1D93JxIC"..
    Сообщение: "SC\x111\x11010463115228513521AKUtOSb\x1D93JxIC"
[error] 2023-11-13 11:37:59.895 Код недоступен: "010463115228513521m:)csX&\x1D93/7FE"..
    Сообщение: "SC\x111\x11010463115228513521m:)csX&\x1D93/7FE"
[error] 2023-11-13 11:38:02.642 Код недоступен: "010463115228513521Z/cjE9/\x1D93Ooc8"..
    Сообщение: "SC\x111\x11010463115228513521Z/cjE9/\x1D93Ooc8"
[error] 2023-11-13 11:38:08.652 Код недоступен: "010463115228513521a(5X+Pk\x1D93sZPw"..
    Сообщение: "SC\x111\x11010463115228513521a(5X+Pk\x1D93sZPw"
[error] 2023-11-13 11:38:10.757 Код недоступен: "010463115228513521Kh,7lN&\x1D93VUMR"..
    Сообщение: "SC\x111\x11010463115228513521Kh,7lN&\x1D93VUMR"
[error] 2023-11-13 11:38:14.414 Код недоступен: "010463115228513521D11fdLG\x1D93UN79"..
    Сообщение: "SC\x111\x11010463115228513521D11fdLG\x1D93UN79"
[error] 2023-11-13 11:38:16.363 Код недоступен: "010463115228513521M3ZJUTQ\x1D93m6AW"..
    Сообщение: "SC\x111\x11010463115228513521M3ZJUTQ\x1D93m6AW"
[error] 2023-11-13 11:38:18.412 Код недоступен: "010463115228513521,cHCf:y\x1D93wtb/"..
    Сообщение: "SC\x111\x11010463115228513521,cHCf:y\x1D93wtb/"
[error] 2023-11-13 11:38:20.614 Код недоступен: "010463115228513521YV3aSia\x1D93Z5QF"..
    Сообщение: "SC\x111\x11010463115228513521YV3aSia\x1D93Z5QF"
[error] 2023-11-13 11:38:24.009 Код недоступен: "010463115228513521q)SCMgd\x1D93dcC7"..
    Сообщение: "SC\x111\x11010463115228513521q)SCMgd\x1D93dcC7"
[error] 2023-11-13 11:38:30.161 Код недоступен: "010463115228513521uXWapqr\x1D93cevJ"..
    Сообщение: "SC\x111\x11010463115228513521uXWapqr\x1D93cevJ"
[error] 2023-11-13 11:38:38.646 Код недоступен: "010463115228513521kN2NyW!\x1D93s5h5"..
    Сообщение: "SC\x111\x11010463115228513521kN2NyW!\x1D93s5h5"
[error] 2023-11-13 11:38:40.656 Код недоступен: "010463115228513521gxgkDae\x1D936ddp"..
    Сообщение: "SC\x111\x11010463115228513521gxgkDae\x1D936ddp"
[error] 2023-11-13 11:38:42.653 Код недоступен: "010463115228513521g>X9oX;\x1D93K9u2"..
    Сообщение: "SC\x111\x11010463115228513521g>X9oX;\x1D93K9u2"
[error] 2023-11-13 11:38:44.891 Код недоступен: "0104631152285135219a=Hh6t\x1D93azZP"..
    Сообщение: "SC\x111\x110104631152285135219a=Hh6t\x1D93azZP"
[error] 2023-11-13 11:38:49.036 Код недоступен: "010463115228513521xILTt_M\x1D93aUVN"..
    Сообщение: "SC\x111\x11010463115228513521xILTt_M\x1D93aUVN"
[error] 2023-11-13 11:38:51.339 Код недоступен: "010463115228513521?P;K,tC\x1D93tb0F"..
    Сообщение: "SC\x111\x11010463115228513521?P;K,tC\x1D93tb0F"
[error] 2023-11-13 11:38:53.248 Код недоступен: "010463115228513521CF0gF7D\x1D93+fcE"..
    Сообщение: "SC\x111\x11010463115228513521CF0gF7D\x1D93+fcE"
[error] 2023-11-13 11:38:55.262 Код недоступен: "010463115228513521rqpBIZE\x1D9399mK"..
    Сообщение: "SC\x111\x11010463115228513521rqpBIZE\x1D9399mK"
[error] 2023-11-13 11:38:57.891 Код недоступен: "010463115228513521TRCErUT\x1D93R6Pl"..
    Сообщение: "SC\x111\x11010463115228513521TRCErUT\x1D93R6Pl"
[error] 2023-11-13 11:39:00.592 Код недоступен: "010463115228513521oKKrRFN\x1D93Gf2T"..
    Сообщение: "SC\x111\x11010463115228513521oKKrRFN\x1D93Gf2T"
[error] 2023-11-13 11:39:03.965 Код недоступен: "010463115228513521:HlQbdT\x1D939NU7"..
    Сообщение: "SC\x111\x11010463115228513521:HlQbdT\x1D939NU7"
[error] 2023-11-13 11:39:06.443 Код недоступен: "010463115228513521uXKiiXs\x1D935dpZ"..
    Сообщение: "SC\x111\x11010463115228513521uXKiiXs\x1D935dpZ"
[error] 2023-11-13 11:39:08.493 Код недоступен: "010463115228513521Lm_jDnO\x1D93jqrI"..
    Сообщение: "SC\x111\x11010463115228513521Lm_jDnO\x1D93jqrI"
[error] 2023-11-13 11:39:10.586 Код недоступен: "010463115228513521%?G&T!X\x1D93kNGM"..
    Сообщение: "SC\x111\x11010463115228513521%?G&T!X\x1D93kNGM"
[error] 2023-11-13 11:39:12.797 Код недоступен: "010463115228513521Y<o%11k\x1D93Xbq5"..
    Сообщение: "SC\x111\x11010463115228513521Y<o%11k\x1D93Xbq5"
[error] 2023-11-13 11:39:13.482 Код недоступен: "010463115228513521Y<o%11k\x1D93Xbq5"..
    Сообщение: "SC\x111\x11010463115228513521Y<o%11k\x1D93Xbq5"
[error] 2023-11-13 11:39:16.396 Код недоступен: "010463115228513521aigy6=!\x1D93JinK"..
    Сообщение: "SC\x111\x11010463115228513521aigy6=!\x1D93JinK"
[error] 2023-11-13 11:39:20.644 Код недоступен: "010463115228513521)U:X\"sI\x1D93/BH3"..
    Сообщение: "SC\x111\x11010463115228513521)U:X\"sI\x1D93/BH3"
[error] 2023-11-13 11:39:24.120 Код недоступен: "0104631152285135211sfJ,M7\x1D93KbzX"..
    Сообщение: "SC\x111\x110104631152285135211sfJ,M7\x1D93KbzX"
[error] 2023-11-13 11:39:26.563 Код недоступен: "010463115228513521Hpbfl54\x1D93ZenO"..
    Сообщение: "SC\x111\x11010463115228513521Hpbfl54\x1D93ZenO"
[error] 2023-11-13 11:39:31.200 Код недоступен: "010463115228513521kLHTsD+\x1D939eNX"..
    Сообщение: "SC\x111\x11010463115228513521kLHTsD+\x1D939eNX"
[error] 2023-11-13 11:39:33.917 Код недоступен: "010463115228513521XI<NqTc\x1D93KEsY"..
    Сообщение: "SC\x111\x11010463115228513521XI<NqTc\x1D93KEsY"
[error] 2023-11-13 11:39:37.382 Код недоступен: "010463115228513521Vyoj)FE\x1D93DmxZ"..
    Сообщение: "SC\x111\x11010463115228513521Vyoj)FE\x1D93DmxZ"
[error] 2023-11-13 11:39:40.904 Код недоступен: "010463115228513521rcY?X=&\x1D93owVq"..
    Сообщение: "SC\x111\x11010463115228513521rcY?X=&\x1D93owVq"
[error] 2023-11-13 11:39:44.310 Код недоступен: "010463115228513521Z6H)LWj\x1D930kSE"..
    Сообщение: "SC\x111\x11010463115228513521Z6H)LWj\x1D930kSE"
[error] 2023-11-13 11:39:47.799 Код недоступен: "010463115228513521Z.FpLh!\x1D93BOH4"..
    Сообщение: "SC\x111\x11010463115228513521Z.FpLh!\x1D93BOH4"
[error] 2023-11-13 11:39:49.792 Код недоступен: "010463115228513521(T*kHma\x1D93g/su"..
    Сообщение: "SC\x111\x11010463115228513521(T*kHma\x1D93g/su"
[error] 2023-11-13 11:39:52.438 Код недоступен: "010463115228513521s+glQ.(\x1D93jKhK"..
    Сообщение: "SC\x111\x11010463115228513521s+glQ.(\x1D93jKhK"
[error] 2023-11-13 11:39:54.933 Код недоступен: "010463115228513521hJzMQC3\x1D93HMlP"..
    Сообщение: "SC\x111\x11010463115228513521hJzMQC3\x1D93HMlP"
[error] 2023-11-13 11:40:00.310 Код недоступен: "010463115228513521hJzMQC3\x1D93HMlP"..
    Сообщение: "SC\x111\x11010463115228513521hJzMQC3\x1D93HMlP"
[error] 2023-11-13 11:40:04.182 Код недоступен: "010463115228513521Rl3QA-E\x1D93LyKY"..
    Сообщение: "SC\x111\x11010463115228513521Rl3QA-E\x1D93LyKY"
[error] 2023-11-13 11:40:06.374 Код недоступен: "0104631152285135213Ua*42=\x1D93YSy2"..
    Сообщение: "SC\x111\x110104631152285135213Ua*42=\x1D93YSy2"
[error] 2023-11-13 11:40:09.210 Код недоступен: "010463115228513521lcFfS9I\x1D93RB3B"..
    Сообщение: "SC\x111\x11010463115228513521lcFfS9I\x1D93RB3B"
[error] 2023-11-13 11:40:11.185 Код недоступен: "010463115228513521L2XJZr=\x1D93656q"..
    Сообщение: "SC\x111\x11010463115228513521L2XJZr=\x1D93656q"
[error] 2023-11-13 11:40:14.114 Код недоступен: "010463115228513521iZG?IVX\x1D93rcQw"..
    Сообщение: "SC\x111\x11010463115228513521iZG?IVX\x1D93rcQw"
[error] 2023-11-13 11:40:17.048 Код недоступен: "010463115228513521IJ8NXcm\x1D93Y5yC"..
    Сообщение: "SC\x111\x11010463115228513521IJ8NXcm\x1D93Y5yC"
